<?xml version="1.0" encoding="UTF-8"?>
<!-- Generated by org.testng.reporters.JUnitReportReporter -->
<testsuite hostname="DESKTOP-UOSJI6I" failures="0" tests="2" name="com.startingWithRestApi.CustomRequestDemo" time="2.924" errors="0" timestamp="2022-03-29T10:53:37 IST" skipped="0">
  <testcase classname="com.startingWithRestApi.CustomRequestDemo" name="customRequest" time="2.632"/>
  <system-out/>
  <testcase classname="com.startingWithRestApi.CustomRequestDemo" name="traceExample" time="0.292"/>
  <system-out/>
</testsuite> <!-- com.startingWithRestApi.CustomRequestDemo -->
