<?xml version="1.0" encoding="UTF-8"?>
<!-- Generated by org.testng.reporters.JUnitReportReporter -->
<testsuite hostname="DESKTOP-UOSJI6I" failures="0" tests="1" name="com.startingWithRestApi.ValidatableResponseRepeatingItemsDemo" time="2.986" errors="0" timestamp="2022-02-27T14:59:26 IST" skipped="0">
  <testcase classname="com.startingWithRestApi.ValidatableResponseRepeatingItemsDemo" name="repeatingItems" time="2.986"/>
  <system-out/>
</testsuite> <!-- com.startingWithRestApi.ValidatableResponseRepeatingItemsDemo -->
