<?xml version="1.0" encoding="UTF-8"?>
<!-- Generated by org.testng.reporters.JUnitReportReporter -->
<testsuite hostname="DESKTOP-UOSJI6I" failures="0" tests="1" name="com.startingWithRestApi.MatchersDemo" time="2.580" errors="0" timestamp="2022-02-22T20:27:47 IST" skipped="0">
  <testcase classname="com.startingWithRestApi.MatchersDemo" name="usingMapToTestHeaders" time="2.580"/>
  <system-out/>
</testsuite> <!-- com.startingWithRestApi.MatchersDemo -->
