<?xml version="1.0" encoding="UTF-8"?>
<!-- Generated by org.testng.reporters.JUnitReportReporter -->
<testsuite hostname="DESKTOP-UOSJI6I" failures="0" tests="1" name="com.startingWithRestApi.HeadAndOptionsDemo" time="2.334" errors="0" timestamp="2022-02-24T11:00:32 IST" skipped="0">
  <testcase classname="com.startingWithRestApi.HeadAndOptionsDemo" name="optionsTest" time="2.334"/>
  <system-out/>
</testsuite> <!-- com.startingWithRestApi.HeadAndOptionsDemo -->
