<?xml version="1.0" encoding="UTF-8"?>
<!-- Generated by org.testng.reporters.JUnitReportReporter -->
<testsuite hostname="DESKTOP-UOSJI6I" failures="1" tests="1" name="com.startingWithRestApi.DefaultParserDemo" time="2.754" errors="0" timestamp="2022-02-23T14:35:21 IST" skipped="0">
  <testcase classname="com.startingWithRestApi.DefaultParserDemo" name="parserAndSyntacticSugar" time="2.754">
    <failure message="1 expectation failed.
XML path current_user_url doesn&#039;t match.
Expected: https://api.github.com/user
  Actual: &lt;{current_user_url=https://api.github.com/user, current_user_authorizations_html_url=https://github.com/settings/connections/applications{/client_id}, authorizations_url=https://api.github.com/authorizations, code_search_url=https://api.github.com/search/code?q={query}{&amp;page,per_page,sort,order}, commit_search_url=https://api.github.com/search/commits?q={query}{&amp;page,per_page,sort,order}, emails_url=https://api.github.com/user/emails, emojis_url=https://api.github.com/emojis, events_url=https://api.github.com/events, feeds_url=https://api.github.com/feeds, followers_url=https://api.github.com/user/followers, following_url=https://api.github.com/user/following{/target}, gists_url=https://api.github.com/gists{/gist_id}, hub_url=https://api.github.com/hub, issue_search_url=https://api.github.com/search/issues?q={query}{&amp;page,per_page,sort,order}, issues_url=https://api.github.com/issues, keys_url=https://api.github.com/user/keys, label_search_url=https://api.github.com/search/labels?q={query}&amp;repository_id={repository_id}{&amp;page,per_page}, notifications_url=https://api.github.com/notifications, organization_url=https://api.github.com/orgs/{org}, organization_repositories_url=https://api.github.com/orgs/{org}/repos{?type,page,per_page,sort}, organization_teams_url=https://api.github.com/orgs/{org}/teams, public_gists_url=https://api.github.com/gists/public, rate_limit_url=https://api.github.com/rate_limit, repository_url=https://api.github.com/repos/{owner}/{repo}, repository_search_url=https://api.github.com/search/repositories?q={query}{&amp;page,per_page,sort,order}, current_user_repositories_url=https://api.github.com/user/repos{?type,page,per_page,sort}, starred_url=https://api.github.com/user/starred{/owner}{/repo}, starred_gists_url=https://api.github.com/gists/starred, topic_search_url=https://api.github.com/search/topics?q={query}{&amp;page,per_page}, user_url=https://api.github.com/users/{user}, user_organizations_url=https://api.github.com/user/orgs, user_repositories_url=https://api.github.com/users/{user}/repos{?type,page,per_page,sort}, user_search_url=https://api.github.com/search/users?q={query}{&amp;page,per_page,sort,order}}&gt;
" type="java.lang.AssertionError">
      <![CDATA[java.lang.AssertionError: 1 expectation failed.
XML path current_user_url doesn't match.
Expected: https://api.github.com/user
  Actual: <{current_user_url=https://api.github.com/user, current_user_authorizations_html_url=https://github.com/settings/connections/applications{/client_id}, authorizations_url=https://api.github.com/authorizations, code_search_url=https://api.github.com/search/code?q={query}{&page,per_page,sort,order}, commit_search_url=https://api.github.com/search/commits?q={query}{&page,per_page,sort,order}, emails_url=https://api.github.com/user/emails, emojis_url=https://api.github.com/emojis, events_url=https://api.github.com/events, feeds_url=https://api.github.com/feeds, followers_url=https://api.github.com/user/followers, following_url=https://api.github.com/user/following{/target}, gists_url=https://api.github.com/gists{/gist_id}, hub_url=https://api.github.com/hub, issue_search_url=https://api.github.com/search/issues?q={query}{&page,per_page,sort,order}, issues_url=https://api.github.com/issues, keys_url=https://api.github.com/user/keys, label_search_url=https://api.github.com/search/labels?q={query}&repository_id={repository_id}{&page,per_page}, notifications_url=https://api.github.com/notifications, organization_url=https://api.github.com/orgs/{org}, organization_repositories_url=https://api.github.com/orgs/{org}/repos{?type,page,per_page,sort}, organization_teams_url=https://api.github.com/orgs/{org}/teams, public_gists_url=https://api.github.com/gists/public, rate_limit_url=https://api.github.com/rate_limit, repository_url=https://api.github.com/repos/{owner}/{repo}, repository_search_url=https://api.github.com/search/repositories?q={query}{&page,per_page,sort,order}, current_user_repositories_url=https://api.github.com/user/repos{?type,page,per_page,sort}, starred_url=https://api.github.com/user/starred{/owner}{/repo}, starred_gists_url=https://api.github.com/gists/starred, topic_search_url=https://api.github.com/search/topics?q={query}{&page,per_page}, user_url=https://api.github.com/users/{user}, user_organizations_url=https://api.github.com/user/orgs, user_repositories_url=https://api.github.com/users/{user}/repos{?type,page,per_page,sort}, user_search_url=https://api.github.com/search/users?q={query}{&page,per_page,sort,order}}>

at java.base/jdk.internal.reflect.NativeConstructorAccessorImpl.newInstance0(Native Method)
at java.base/jdk.internal.reflect.NativeConstructorAccessorImpl.newInstance(NativeConstructorAccessorImpl.java:62)
at java.base/jdk.internal.reflect.DelegatingConstructorAccessorImpl.newInstance(DelegatingConstructorAccessorImpl.java:45)
at java.base/java.lang.reflect.Constructor.newInstance(Constructor.java:490)
at org.codehaus.groovy.reflection.CachedConstructor.invoke(CachedConstructor.java:72)
at org.codehaus.groovy.reflection.CachedConstructor.doConstructorInvoke(CachedConstructor.java:59)
at org.codehaus.groovy.runtime.callsite.ConstructorSite$ConstructorSiteNoUnwrap.callConstructor(ConstructorSite.java:84)
at org.codehaus.groovy.runtime.callsite.CallSiteArray.defaultCallConstructor(CallSiteArray.java:59)
at org.codehaus.groovy.runtime.callsite.AbstractCallSite.callConstructor(AbstractCallSite.java:263)
at org.codehaus.groovy.runtime.callsite.AbstractCallSite.callConstructor(AbstractCallSite.java:277)
at io.restassured.internal.ResponseSpecificationImpl$HamcrestAssertionClosure.validate(ResponseSpecificationImpl.groovy:499)
at io.restassured.internal.ResponseSpecificationImpl$HamcrestAssertionClosure$validate$1.call(Unknown Source)
at org.codehaus.groovy.runtime.callsite.CallSiteArray.defaultCall(CallSiteArray.java:47)
at org.codehaus.groovy.runtime.callsite.AbstractCallSite.call(AbstractCallSite.java:125)
at org.codehaus.groovy.runtime.callsite.AbstractCallSite.call(AbstractCallSite.java:139)
at io.restassured.internal.ResponseSpecificationImpl.validateResponseIfRequired(ResponseSpecificationImpl.groovy:684)
at java.base/jdk.internal.reflect.NativeMethodAccessorImpl.invoke0(Native Method)
at java.base/jdk.internal.reflect.NativeMethodAccessorImpl.invoke(NativeMethodAccessorImpl.java:62)
at java.base/jdk.internal.reflect.DelegatingMethodAccessorImpl.invoke(DelegatingMethodAccessorImpl.java:43)
at java.base/java.lang.reflect.Method.invoke(Method.java:566)
at org.codehaus.groovy.runtime.callsite.PlainObjectMetaMethodSite.doInvoke(PlainObjectMetaMethodSite.java:43)
at org.codehaus.groovy.runtime.callsite.PogoMetaMethodSite$PogoCachedMethodSiteNoUnwrapNoCoerce.invoke(PogoMetaMethodSite.java:193)
at org.codehaus.groovy.runtime.callsite.PogoMetaMethodSite.callCurrent(PogoMetaMethodSite.java:61)
at org.codehaus.groovy.runtime.callsite.CallSiteArray.defaultCallCurrent(CallSiteArray.java:51)
at org.codehaus.groovy.runtime.callsite.AbstractCallSite.callCurrent(AbstractCallSite.java:171)
at org.codehaus.groovy.runtime.callsite.AbstractCallSite.callCurrent(AbstractCallSite.java:185)
at io.restassured.internal.ResponseSpecificationImpl.body(ResponseSpecificationImpl.groovy:262)
at io.restassured.specification.ResponseSpecification$body$0.callCurrent(Unknown Source)
at org.codehaus.groovy.runtime.callsite.CallSiteArray.defaultCallCurrent(CallSiteArray.java:51)
at org.codehaus.groovy.runtime.callsite.AbstractCallSite.callCurrent(AbstractCallSite.java:171)
at org.codehaus.groovy.runtime.callsite.AbstractCallSite.callCurrent(AbstractCallSite.java:212)
at io.restassured.internal.ResponseSpecificationImpl.body(ResponseSpecificationImpl.groovy:109)
at io.restassured.internal.ValidatableResponseOptionsImpl.body(ValidatableResponseOptionsImpl.java:244)
at io.restassured.internal.ValidatableResponseImpl.super$2$body(ValidatableResponseImpl.groovy)
at java.base/jdk.internal.reflect.NativeMethodAccessorImpl.invoke0(Native Method)
at java.base/jdk.internal.reflect.NativeMethodAccessorImpl.invoke(NativeMethodAccessorImpl.java:62)
at java.base/jdk.internal.reflect.DelegatingMethodAccessorImpl.invoke(DelegatingMethodAccessorImpl.java:43)
at java.base/java.lang.reflect.Method.invoke(Method.java:566)
at org.codehaus.groovy.reflection.CachedMethod.invoke(CachedMethod.java:107)
at groovy.lang.MetaMethod.doMethodInvoke(MetaMethod.java:323)
at groovy.lang.MetaClassImpl.invokeMethod(MetaClassImpl.java:1268)
at org.codehaus.groovy.runtime.ScriptBytecodeAdapter.invokeMethodOnSuperN(ScriptBytecodeAdapter.java:144)
at io.restassured.internal.ValidatableResponseImpl.body(ValidatableResponseImpl.groovy:298)
at io.restassured.internal.ValidatableResponseImpl.body(ValidatableResponseImpl.groovy)
at com.startingWithRestApi.DefaultParserDemo.parserAndSyntacticSugar(DefaultParserDemo.java:21)
at java.base/jdk.internal.reflect.NativeMethodAccessorImpl.invoke0(Native Method)
at java.base/jdk.internal.reflect.NativeMethodAccessorImpl.invoke(NativeMethodAccessorImpl.java:62)
at java.base/jdk.internal.reflect.DelegatingMethodAccessorImpl.invoke(DelegatingMethodAccessorImpl.java:43)
at java.base/java.lang.reflect.Method.invoke(Method.java:566)
at org.testng.internal.invokers.MethodInvocationHelper.invokeMethod(MethodInvocationHelper.java:135)
at org.testng.internal.invokers.TestInvoker.invokeMethod(TestInvoker.java:673)
at org.testng.internal.invokers.TestInvoker.invokeTestMethod(TestInvoker.java:220)
at org.testng.internal.invokers.MethodRunner.runInSequence(MethodRunner.java:50)
at org.testng.internal.invokers.TestInvoker$MethodInvocationAgent.invoke(TestInvoker.java:945)
at org.testng.internal.invokers.TestInvoker.invokeTestMethods(TestInvoker.java:193)
at org.testng.internal.invokers.TestMethodWorker.invokeTestMethods(TestMethodWorker.java:146)
at org.testng.internal.invokers.TestMethodWorker.run(TestMethodWorker.java:128)
at java.base/java.util.ArrayList.forEach(ArrayList.java:1541)
at org.testng.TestRunner.privateRun(TestRunner.java:808)
at org.testng.TestRunner.run(TestRunner.java:603)
at org.testng.SuiteRunner.runTest(SuiteRunner.java:429)
at org.testng.SuiteRunner.runSequentially(SuiteRunner.java:423)
at org.testng.SuiteRunner.privateRun(SuiteRunner.java:383)
at org.testng.SuiteRunner.run(SuiteRunner.java:326)
at org.testng.SuiteRunnerWorker.runSuite(SuiteRunnerWorker.java:52)
at org.testng.SuiteRunnerWorker.run(SuiteRunnerWorker.java:95)
at org.testng.TestNG.runSuitesSequentially(TestNG.java:1249)
at org.testng.TestNG.runSuitesLocally(TestNG.java:1169)
at org.testng.TestNG.runSuites(TestNG.java:1092)
at org.testng.TestNG.run(TestNG.java:1060)
at org.testng.remote.AbstractRemoteTestNG.run(AbstractRemoteTestNG.java:115)
at org.testng.remote.RemoteTestNG.initAndRun(RemoteTestNG.java:251)
at org.testng.remote.RemoteTestNG.main(RemoteTestNG.java:77)
]]>
    </failure>
  </testcase> <!-- parserAndSyntacticSugar -->
  <system-out/>
</testsuite> <!-- com.startingWithRestApi.DefaultParserDemo -->
