<?xml version="1.0" encoding="UTF-8"?>
<!-- Generated by org.testng.reporters.JUnitReportReporter -->
<testsuite hostname="DESKTOP-UOSJI6I" failures="0" tests="1" name="com.startingWithRestApi.RequestSpecificationDemo" time="2.548" errors="0" timestamp="2022-02-25T11:49:37 IST" skipped="0">
  <testcase classname="com.startingWithRestApi.RequestSpecificationDemo" name="testUsingReqSpec" time="2.548"/>
  <system-out/>
</testsuite> <!-- com.startingWithRestApi.RequestSpecificationDemo -->
