<?xml version="1.0" encoding="UTF-8"?>
<!-- Generated by org.testng.reporters.JUnitReportReporter -->
<testsuite hostname="DESKTOP-UOSJI6I" failures="0" tests="1" name="com.startingWithRestApi.ValidatableNestedResponseBodyDemo" time="2.844" errors="0" timestamp="2022-02-23T14:13:16 IST" skipped="0">
  <testcase classname="com.startingWithRestApi.ValidatableNestedResponseBodyDemo" name="nestedBodyValidation" time="2.844"/>
  <system-out/>
</testsuite> <!-- com.startingWithRestApi.ValidatableNestedResponseBodyDemo -->
