<?xml version="1.0" encoding="UTF-8"?>
<!-- Generated by org.testng.reporters.JUnitReportReporter -->
<testsuite skipped="0" hostname="DESKTOP-UOSJI6I" name="com.startingWithRestApi.PeekAndPrintDemo" tests="1" failures="0" timestamp="2022-02-22T11:05:36 IST" time="2.262" errors="0">
  <testcase name="print" time="2.262" classname="com.startingWithRestApi.PeekAndPrintDemo"/>
  <system-out/>
</testsuite> <!-- com.startingWithRestApi.PeekAndPrintDemo -->
