<?xml version="1.0" encoding="UTF-8"?>
<!-- Generated by org.testng.reporters.JUnitReportReporter -->
<testsuite hostname="DESKTOP-UOSJI6I" failures="0" tests="2" name="com.startingWithRestApi.GlobalsConstantDemo" time="2.293" errors="0" timestamp="2022-02-24T20:18:29 IST" skipped="0">
  <testcase classname="com.startingWithRestApi.GlobalsConstantDemo" name="testOneUsingGlobalConstants" time="2.071"/>
  <system-out/>
  <testcase classname="com.startingWithRestApi.GlobalsConstantDemo" name="testTwoUsingGlobalConstants" time="0.222"/>
  <system-out/>
</testsuite> <!-- com.startingWithRestApi.GlobalsConstantDemo -->
