<?xml version="1.0" encoding="UTF-8"?>
<!-- Generated by org.testng.reporters.JUnitReportReporter -->
<testsuite hostname="DESKTOP-UOSJI6I" failures="0" tests="1" name="com.startingWithRestApi.OtherMethodsDemo" time="2.531" errors="0" timestamp="2022-02-24T12:52:29 IST" skipped="0">
  <testcase classname="com.startingWithRestApi.OtherMethodsDemo" name="deleteTest" time="2.531"/>
  <system-out/>
</testsuite> <!-- com.startingWithRestApi.OtherMethodsDemo -->
