<?xml version="1.0" encoding="UTF-8"?>
<!-- Generated by org.testng.reporters.JUnitReportReporter -->
<testsuite skipped="0" hostname="DESKTOP-UOSJI6I" name="com.startingWithRestApi.BasicResponseDemo" tests="1" failures="0" timestamp="2022-02-22T13:58:43 IST" time="2.809" errors="0">
  <testcase name="timeExample" time="2.809" classname="com.startingWithRestApi.BasicResponseDemo"/>
  <system-out/>
</testsuite> <!-- com.startingWithRestApi.BasicResponseDemo -->
