<?xml version="1.0" encoding="UTF-8"?>
<!-- Generated by org.testng.reporters.JUnitReportReporter -->
<testsuite skipped="0" hostname="DESKTOP-UOSJI6I" name="com.startingWithRestApi.BasicTest" tests="1" failures="0" timestamp="2022-02-21T14:13:11 IST" time="3.181" errors="0">
  <testcase name="simpleBasicTest" time="3.181" classname="com.startingWithRestApi.BasicTest"/>
  <system-out/>
</testsuite> <!-- com.startingWithRestApi.BasicTest -->
