<?xml version="1.0" encoding="UTF-8"?>
<!-- Generated by org.testng.reporters.JUnitReportReporter -->
<testsuite hostname="DESKTOP-UOSJI6I" failures="0" tests="1" name="com.startingWithRestApi.LoggingDemo" time="2.325" errors="0" timestamp="2022-02-25T13:27:20 IST" skipped="0">
  <testcase classname="com.startingWithRestApi.LoggingDemo" name="logTestWithConfigFactoryLog" time="2.325"/>
  <system-out/>
</testsuite> <!-- com.startingWithRestApi.LoggingDemo -->
