<?xml version="1.0" encoding="UTF-8"?>
<!-- Generated by org.testng.reporters.JUnitReportReporter -->
<testsuite hostname="DESKTOP-UOSJI6I" failures="0" tests="1" name="com.objectMappingExercise.ObjectMappingDemo" time="2.810" errors="0" timestamp="2022-02-23T20:29:29 IST" skipped="0">
  <testcase classname="com.objectMappingExercise.ObjectMappingDemo" name="objectMappingUsingSpecifiedMapper" time="2.810"/>
  <system-out/>
</testsuite> <!-- com.objectMappingExercise.ObjectMappingDemo -->
