<?xml version="1.0" encoding="UTF-8"?>
<!-- Generated by org.testng.reporters.JUnitReportReporter -->
<testsuite hostname="DESKTOP-UOSJI6I" failures="0" tests="1" name="com.startingWithRestApi.ValidatableResponseDemo" time="2.297" errors="0" timestamp="2022-02-25T13:31:26 IST" skipped="0">
  <testcase classname="com.startingWithRestApi.ValidatableResponseDemo" name="basicValidatableExample" time="2.297"/>
  <system-out/>
</testsuite> <!-- com.startingWithRestApi.ValidatableResponseDemo -->
