<?xml version="1.0" encoding="UTF-8"?>
<!-- Generated by org.testng.reporters.JUnitReportReporter -->
<testsuite hostname="DESKTOP-UOSJI6I" failures="0" tests="1" name="com.startingWithRestApi.ResponseSpecification" time="1.634" errors="0" timestamp="2022-02-25T11:59:01 IST" skipped="0">
  <testcase classname="com.startingWithRestApi.ResponseSpecification" name="testWithSpecOne" time="1.634"/>
  <system-out/>
</testsuite> <!-- com.startingWithRestApi.ResponseSpecification -->
