<?xml version="1.0" encoding="UTF-8"?>
<!-- Generated by org.testng.reporters.JUnitReportReporter -->
<testsuite hostname="DESKTOP-UOSJI6I" failures="0" tests="1" name="com.startingWithRestApi.ResponseSpecificationDemo" time="1.682" errors="0" timestamp="2022-02-25T13:15:45 IST" skipped="0">
  <testcase classname="com.startingWithRestApi.ResponseSpecificationDemo" name="testWithSpecTwo" time="1.682"/>
  <system-out/>
</testsuite> <!-- com.startingWithRestApi.ResponseSpecificationDemo -->
