<?xml version="1.0" encoding="UTF-8"?>
<!-- Generated by org.testng.reporters.JUnitReportReporter -->
<testsuite hostname="DESKTOP-UOSJI6I" failures="0" tests="1" name="com.startingWithRestApi.BasicResponseBodyDemo" time="2.789" errors="0" timestamp="2022-02-27T14:56:56 IST" skipped="0">
  <testcase classname="com.startingWithRestApi.BasicResponseBodyDemo" name="jsonPathReturnsMap" time="2.789"/>
  <system-out/>
</testsuite> <!-- com.startingWithRestApi.BasicResponseBodyDemo -->
