<?xml version="1.0" encoding="UTF-8"?>
<!-- Generated by org.testng.reporters.JUnitReportReporter -->
<testsuite hostname="DESKTOP-UOSJI6I" failures="0" tests="2" name="com.startingWithRestApi.ValidatableResponseBodyDemo" time="3.747" errors="0" timestamp="2022-02-27T14:57:57 IST" skipped="0">
  <testcase classname="com.startingWithRestApi.ValidatableResponseBodyDemo" name="complexBodyExampleWithDp" time="0.438"/>
  <system-out/>
  <testcase classname="com.startingWithRestApi.ValidatableResponseBodyDemo" name="complexBodyExampleWithDp" time="3.309"/>
  <system-out/>
</testsuite> <!-- com.startingWithRestApi.ValidatableResponseBodyDemo -->
